<?xml version="1.0" encoding="UTF-8"?>
<testng-results ignored="0" total="1" passed="1" failed="0" skipped="0">
  <reporter-output>
  </reporter-output>
  <suite started-at="2023-04-13T21:44:28 IST" name="Suite" finished-at="2023-04-13T21:49:00 IST" duration-ms="272411">
    <groups>
    </groups>
    <test started-at="2023-04-13T21:44:28 IST" name="Test" finished-at="2023-04-13T21:49:00 IST" duration-ms="272411">
      <class name="makemytrip.MakeMyTrip">
        <test-method is-config="true" signature="bt()[pri:0, instance:makemytrip.MakeMyTrip@1e1a0406]" started-at="2023-04-13T21:44:28 IST" name="bt" finished-at="2023-04-13T21:44:38 IST" duration-ms="9692" status="PASS">
          <reporter-output>
          </reporter-output>
        </test-method> <!-- bt -->
        <test-method signature="HolidayPackage()[pri:0, instance:makemytrip.MakeMyTrip@1e1a0406]" started-at="2023-04-13T21:44:38 IST" name="HolidayPackage" finished-at="2023-04-13T21:49:00 IST" duration-ms="262651" status="PASS">
          <reporter-output>
          </reporter-output>
        </test-method> <!-- HolidayPackage -->
      </class> <!-- makemytrip.MakeMyTrip -->
    </test> <!-- Test -->
  </suite> <!-- Suite -->
</testng-results>
